  [1m[35m (0.1ms)[0m  [1m[34mSELECT sqlite_version(*)[0m
  [1m[35m (5.6ms)[0m  [1m[35mCREATE TABLE "schema_migrations" ("version" varchar NOT NULL PRIMARY KEY)[0m
  [1m[35m (6.2ms)[0m  [1m[35mCREATE TABLE "ar_internal_metadata" ("key" varchar NOT NULL PRIMARY KEY, "value" varchar, "created_at" datetime NOT NULL, "updated_at" datetime NOT NULL)[0m
  [1m[35m (0.2ms)[0m  [1m[34mSELECT "schema_migrations"."version" FROM "schema_migrations" ORDER BY "schema_migrations"."version" ASC[0m
Migrating to CreatePosts (20171117160543)
  [1m[35m (0.1ms)[0m  [1m[36mbegin transaction[0m
  [1m[35m (0.3ms)[0m  [1m[35mCREATE TABLE "posts" ("id" INTEGER PRIMARY KEY AUTOINCREMENT NOT NULL, "title" varchar, "content" text, "created_at" datetime NOT NULL, "updated_at" datetime NOT NULL)[0m
  [1m[35mSQL (0.1ms)[0m  [1m[32mINSERT INTO "schema_migrations" ("version") VALUES (?)[0m  [["version", "20171117160543"]]
  [1m[35m (7.7ms)[0m  [1m[36mcommit transaction[0m
Migrating to CreateComments (20171117180147)
  [1m[35m (0.0ms)[0m  [1m[36mbegin transaction[0m
  [1m[35m (0.3ms)[0m  [1m[35mCREATE TABLE "comments" ("id" INTEGER PRIMARY KEY AUTOINCREMENT NOT NULL, "name" varchar, "comment" text, "created_at" datetime NOT NULL, "updated_at" datetime NOT NULL)[0m
  [1m[35mSQL (0.1ms)[0m  [1m[32mINSERT INTO "schema_migrations" ("version") VALUES (?)[0m  [["version", "20171117180147"]]
  [1m[35m (6.5ms)[0m  [1m[36mcommit transaction[0m
Migrating to AddPostIdToComments (20171117180851)
  [1m[35m (0.1ms)[0m  [1m[36mbegin transaction[0m
  [1m[35m (0.4ms)[0m  [1m[35mALTER TABLE "comments" ADD "post_id" integer[0m
  [1m[35mSQL (0.2ms)[0m  [1m[32mINSERT INTO "schema_migrations" ("version") VALUES (?)[0m  [["version", "20171117180851"]]
  [1m[35m (4.4ms)[0m  [1m[36mcommit transaction[0m
  [1m[36mActiveRecord::InternalMetadata Load (0.1ms)[0m  [1m[34mSELECT  "ar_internal_metadata".* FROM "ar_internal_metadata" WHERE "ar_internal_metadata"."key" = ? LIMIT ?[0m  [["key", "environment"], ["LIMIT", 1]]
  [1m[35m (0.1ms)[0m  [1m[36mbegin transaction[0m
  [1m[35mSQL (0.2ms)[0m  [1m[32mINSERT INTO "ar_internal_metadata" ("key", "value", "created_at", "updated_at") VALUES (?, ?, ?, ?)[0m  [["key", "environment"], ["value", "development"], ["created_at", "2021-12-12 02:27:13.166055"], ["updated_at", "2021-12-12 02:27:13.166055"]]
  [1m[35m (4.1ms)[0m  [1m[36mcommit transaction[0m
  [1m[35m (0.2ms)[0m  [1m[34mSELECT "schema_migrations"."version" FROM "schema_migrations" ORDER BY "schema_migrations"."version" ASC[0m
Started GET "/" for 127.0.0.1 at 2021-12-12 02:28:16 +0000
  [1m[35m (0.1ms)[0m  [1m[34mSELECT "schema_migrations"."version" FROM "schema_migrations" ORDER BY "schema_migrations"."version" ASC[0m
Processing by PostsController#index as HTML
  Rendering posts/index.html.erb within layouts/application
  [1m[36mPost Load (0.1ms)[0m  [1m[34mSELECT "posts".* FROM "posts" ORDER BY created_at DESC[0m
  Rendered posts/index.html.erb within layouts/application (3.0ms)
Completed 200 OK in 2104ms (Views: 2089.4ms | ActiveRecord: 0.5ms)


Started GET "/" for 127.0.0.1 at 2021-12-12 02:28:22 +0000
Processing by PostsController#index as HTML
  Rendering posts/index.html.erb within layouts/application
  [1m[36mPost Load (0.3ms)[0m  [1m[34mSELECT "posts".* FROM "posts" ORDER BY created_at DESC[0m
  Rendered posts/index.html.erb within layouts/application (3.1ms)
Completed 200 OK in 27ms (Views: 24.4ms | ActiveRecord: 0.8ms)


Started GET "/posts/new" for 127.0.0.1 at 2021-12-12 02:28:26 +0000
Processing by PostsController#new as HTML
  Rendering posts/new.html.erb within layouts/application
  Rendered posts/_form.html.erb (67.0ms)
  Rendered posts/new.html.erb within layouts/application (69.0ms)
Completed 200 OK in 104ms (Views: 96.3ms | ActiveRecord: 0.5ms)


Started POST "/posts" for 127.0.0.1 at 2021-12-12 02:28:32 +0000
Processing by PostsController#create as HTML
  Parameters: {"utf8"=>"✓", "authenticity_token"=>"A3Q6yZRY+sX+vGmXXC7TKrxxc45vXZ8+Ezzxo/155zs374lmylBagQHbLmyYg5prYulgO+o6k1HUCBCUVYTofQ==", "post"=>{"title"=>"1", "content"=>"1"}, "commit"=>"Create new post"}
  [1m[35m (0.1ms)[0m  [1m[36mbegin transaction[0m
  [1m[35mSQL (0.4ms)[0m  [1m[32mINSERT INTO "posts" ("title", "content", "created_at", "updated_at") VALUES (?, ?, ?, ?)[0m  [["title", "1"], ["content", "1"], ["created_at", "2021-12-12 02:28:32.993240"], ["updated_at", "2021-12-12 02:28:32.993240"]]
  [1m[35m (4.4ms)[0m  [1m[36mcommit transaction[0m
Redirected to https://localhost-h-ng-nguy-n-v-n-1.paiza-user-free.cloud:3000/posts/1
Completed 302 Found in 14ms (ActiveRecord: 4.9ms)


Started GET "/posts/1" for 127.0.0.1 at 2021-12-12 02:28:33 +0000
Processing by PostsController#show as HTML
  Parameters: {"id"=>"1"}
  Rendering posts/show.html.erb within layouts/application
  Rendered posts/show.html.erb within layouts/application (7.8ms)
Completed 500 Internal Server Error in 12ms (ActiveRecord: 0.0ms)



NoMethodError - undefined method `title' for nil:NilClass:
  app/views/posts/show.html.erb:1:in `_app_views_posts_show_html_erb___1453979585009487477_16900'

Started POST "/__better_errors/a1b7d7f2e779b21d/variables" for 127.0.0.1 at 2021-12-12 02:28:33 +0000
Started GET "/posts/1" for 127.0.0.1 at 2021-12-12 02:32:57 +0000
Processing by PostsController#show as HTML
  Parameters: {"id"=>"1"}
  Rendering posts/show.html.erb within layouts/application
  Rendered posts/show.html.erb within layouts/application (4.5ms)
Completed 500 Internal Server Error in 8ms (ActiveRecord: 0.0ms)



NoMethodError - undefined method `title' for nil:NilClass:
  app/views/posts/show.html.erb:1:in `_app_views_posts_show_html_erb___1453979585009487477_17060'

Started POST "/__better_errors/ebe3f9cdd67b5aa5/variables" for 127.0.0.1 at 2021-12-12 02:32:58 +0000
Started GET "/posts/1" for 127.0.0.1 at 2021-12-12 02:32:59 +0000
Processing by PostsController#show as HTML
  Parameters: {"id"=>"1"}
  Rendering posts/show.html.erb within layouts/application
  Rendered posts/show.html.erb within layouts/application (3.2ms)
Completed 500 Internal Server Error in 7ms (ActiveRecord: 0.0ms)



NoMethodError - undefined method `title' for nil:NilClass:
  app/views/posts/show.html.erb:1:in `_app_views_posts_show_html_erb___1453979585009487477_17140'

Started POST "/__better_errors/3471c2c715d99b7e/variables" for 127.0.0.1 at 2021-12-12 02:32:59 +0000
Started GET "/posts/1" for 127.0.0.1 at 2021-12-12 02:33:17 +0000
  [1m[35m (0.3ms)[0m  [1m[34mSELECT "schema_migrations"."version" FROM "schema_migrations" ORDER BY "schema_migrations"."version" ASC[0m
Processing by PostsController#show as HTML
  Parameters: {"id"=>"1"}
  Rendering posts/show.html.erb within layouts/application
  Rendered posts/show.html.erb within layouts/application (5.0ms)
Completed 500 Internal Server Error in 17ms (ActiveRecord: 0.0ms)



NoMethodError - undefined method `title' for nil:NilClass:
  app/views/posts/show.html.erb:1:in `_app_views_posts_show_html_erb__922190984625945582_15240'

Started POST "/__better_errors/c5fef4202c74f79f/variables" for 127.0.0.1 at 2021-12-12 02:33:18 +0000
Started GET "/" for 127.0.0.1 at 2021-12-12 02:33:21 +0000
Processing by PostsController#index as HTML
  Rendering posts/index.html.erb within layouts/application
  [1m[36mPost Load (0.1ms)[0m  [1m[34mSELECT "posts".* FROM "posts" ORDER BY created_at DESC[0m
  [1m[35m (0.3ms)[0m  [1m[34mSELECT COUNT(*) FROM "comments" WHERE "comments"."post_id" = ?[0m  [["post_id", 1]]
  Rendered posts/index.html.erb within layouts/application (37.0ms)
Completed 200 OK in 222ms (Views: 206.3ms | ActiveRecord: 1.5ms)


Started GET "/posts/1" for 127.0.0.1 at 2021-12-12 02:33:24 +0000
Processing by PostsController#show as HTML
  Parameters: {"id"=>"1"}
  Rendering posts/show.html.erb within layouts/application
  Rendered posts/show.html.erb within layouts/application (3.4ms)
Completed 500 Internal Server Error in 8ms (ActiveRecord: 0.0ms)



NoMethodError - undefined method `title' for nil:NilClass:
  app/views/posts/show.html.erb:1:in `_app_views_posts_show_html_erb__922190984625945582_15900'

Started POST "/__better_errors/7b2f95467ec5b606/variables" for 127.0.0.1 at 2021-12-12 02:33:24 +0000
  [1m[35m (0.1ms)[0m  [1m[34mSELECT "schema_migrations"."version" FROM "schema_migrations" ORDER BY "schema_migrations"."version" ASC[0m
  [1m[35m (1.0ms)[0m  [1m[34mSELECT "ar_internal_metadata"."value" FROM "ar_internal_metadata" WHERE "ar_internal_metadata"."key" = ?[0m  [["key", "environment"]]
  [1m[35m (0.1ms)[0m  [1m[34mSELECT "schema_migrations"."version" FROM "schema_migrations" ORDER BY "schema_migrations"."version" ASC[0m
  [1m[35m (0.2ms)[0m  [1m[34mSELECT "ar_internal_metadata"."value" FROM "ar_internal_metadata" WHERE "ar_internal_metadata"."key" = ?[0m  [["key", "environment"]]
  [1m[35m (0.2ms)[0m  [1m[34mSELECT "schema_migrations"."version" FROM "schema_migrations" ORDER BY "schema_migrations"."version" ASC[0m
  [1m[35m (0.1ms)[0m  [1m[34mSELECT "ar_internal_metadata"."value" FROM "ar_internal_metadata" WHERE "ar_internal_metadata"."key" = ?[0m  [["key", "environment"]]
  [1m[35m (0.1ms)[0m  [1m[34mSELECT sqlite_version(*)[0m
  [1m[35m (7.0ms)[0m  [1m[35mCREATE TABLE "schema_migrations" ("version" varchar NOT NULL PRIMARY KEY)[0m
  [1m[35m (6.4ms)[0m  [1m[35mCREATE TABLE "ar_internal_metadata" ("key" varchar NOT NULL PRIMARY KEY, "value" varchar, "created_at" datetime NOT NULL, "updated_at" datetime NOT NULL)[0m
  [1m[35m (0.1ms)[0m  [1m[34mSELECT "schema_migrations"."version" FROM "schema_migrations" ORDER BY "schema_migrations"."version" ASC[0m
Migrating to CreatePosts (20171117160543)
  [1m[35m (0.1ms)[0m  [1m[36mbegin transaction[0m
  [1m[35m (0.5ms)[0m  [1m[35mCREATE TABLE "posts" ("id" INTEGER PRIMARY KEY AUTOINCREMENT NOT NULL, "title" varchar, "content" text, "created_at" datetime NOT NULL, "updated_at" datetime NOT NULL)[0m
  [1m[35mSQL (0.2ms)[0m  [1m[32mINSERT INTO "schema_migrations" ("version") VALUES (?)[0m  [["version", "20171117160543"]]
  [1m[35m (17.3ms)[0m  [1m[36mcommit transaction[0m
Migrating to CreateComments (20171117180147)
  [1m[35m (0.1ms)[0m  [1m[36mbegin transaction[0m
  [1m[35m (0.5ms)[0m  [1m[35mCREATE TABLE "comments" ("id" INTEGER PRIMARY KEY AUTOINCREMENT NOT NULL, "name" varchar, "comment" text, "created_at" datetime NOT NULL, "updated_at" datetime NOT NULL)[0m
  [1m[35mSQL (0.2ms)[0m  [1m[32mINSERT INTO "schema_migrations" ("version") VALUES (?)[0m  [["version", "20171117180147"]]
  [1m[35m (6.1ms)[0m  [1m[36mcommit transaction[0m
Migrating to AddPostIdToComments (20171117180851)
  [1m[35m (0.0ms)[0m  [1m[36mbegin transaction[0m
  [1m[35m (0.3ms)[0m  [1m[35mALTER TABLE "comments" ADD "post_id" integer[0m
  [1m[35mSQL (0.2ms)[0m  [1m[32mINSERT INTO "schema_migrations" ("version") VALUES (?)[0m  [["version", "20171117180851"]]
  [1m[35m (3.6ms)[0m  [1m[36mcommit transaction[0m
  [1m[36mActiveRecord::InternalMetadata Load (0.2ms)[0m  [1m[34mSELECT  "ar_internal_metadata".* FROM "ar_internal_metadata" WHERE "ar_internal_metadata"."key" = ? LIMIT ?[0m  [["key", "environment"], ["LIMIT", 1]]
  [1m[35m (0.0ms)[0m  [1m[36mbegin transaction[0m
  [1m[35mSQL (0.2ms)[0m  [1m[32mINSERT INTO "ar_internal_metadata" ("key", "value", "created_at", "updated_at") VALUES (?, ?, ?, ?)[0m  [["key", "environment"], ["value", "development"], ["created_at", "2021-12-12 02:37:23.766587"], ["updated_at", "2021-12-12 02:37:23.766587"]]
  [1m[35m (3.4ms)[0m  [1m[36mcommit transaction[0m
  [1m[35m (0.2ms)[0m  [1m[34mSELECT "schema_migrations"."version" FROM "schema_migrations" ORDER BY "schema_migrations"."version" ASC[0m
Started GET "/posts/1" for 127.0.0.1 at 2021-12-12 02:41:36 +0000
  [1m[35m (0.2ms)[0m  [1m[34mSELECT "schema_migrations"."version" FROM "schema_migrations" ORDER BY "schema_migrations"."version" ASC[0m
Processing by PostsController#show as HTML
  Parameters: {"id"=>"1"}
  Rendering posts/show.html.erb within layouts/application
  Rendered posts/show.html.erb within layouts/application (4.9ms)
Completed 500 Internal Server Error in 15ms (ActiveRecord: 0.0ms)



NoMethodError - undefined method `title' for nil:NilClass:
  app/views/posts/show.html.erb:1:in `_app_views_posts_show_html_erb___1259844683273675753_15240'

Started POST "/__better_errors/3022a9869687c94d/variables" for 127.0.0.1 at 2021-12-12 02:41:37 +0000
Started GET "/" for 127.0.0.1 at 2021-12-12 02:42:04 +0000
Processing by PostsController#index as HTML
  Rendering posts/index.html.erb within layouts/application
  [1m[36mPost Load (0.2ms)[0m  [1m[34mSELECT "posts".* FROM "posts" ORDER BY created_at DESC[0m
  Rendered posts/index.html.erb within layouts/application (3.0ms)
Completed 200 OK in 194ms (Views: 182.3ms | ActiveRecord: 0.8ms)


Started GET "/" for 127.0.0.1 at 2021-12-12 02:42:07 +0000
Processing by PostsController#index as HTML
  Rendering posts/index.html.erb within layouts/application
  [1m[36mPost Load (0.4ms)[0m  [1m[34mSELECT "posts".* FROM "posts" ORDER BY created_at DESC[0m
  Rendered posts/index.html.erb within layouts/application (2.1ms)
Completed 200 OK in 25ms (Views: 22.7ms | ActiveRecord: 0.4ms)


Started GET "/posts/new" for 127.0.0.1 at 2021-12-12 02:42:08 +0000
Processing by PostsController#new as HTML
  Rendering posts/new.html.erb within layouts/application
  Rendered posts/_form.html.erb (101.3ms)
  Rendered posts/new.html.erb within layouts/application (102.9ms)
Completed 200 OK in 133ms (Views: 124.3ms | ActiveRecord: 0.7ms)


Started POST "/posts" for 127.0.0.1 at 2021-12-12 02:42:17 +0000
Processing by PostsController#create as HTML
  Parameters: {"utf8"=>"✓", "authenticity_token"=>"bw+nMdLI5+i/ydbHjNfQgsvDq+yckRvx5h2MukROwuRblBSejMBHrECukTxIepnDFVu4WRn2F54hKW2N7LPNog==", "post"=>{"title"=>"1", "content"=>"2"}, "commit"=>"Create new post"}
  [1m[35m (0.1ms)[0m  [1m[36mbegin transaction[0m
  [1m[35mSQL (0.3ms)[0m  [1m[32mINSERT INTO "posts" ("title", "content", "created_at", "updated_at") VALUES (?, ?, ?, ?)[0m  [["title", "1"], ["content", "2"], ["created_at", "2021-12-12 02:42:17.449086"], ["updated_at", "2021-12-12 02:42:17.449086"]]
  [1m[35m (5.5ms)[0m  [1m[36mcommit transaction[0m
Redirected to https://localhost-h-ng-nguy-n-v-n-1.paiza-user-free.cloud:3000/posts/1
Completed 302 Found in 10ms (ActiveRecord: 5.8ms)


Started GET "/posts/1" for 127.0.0.1 at 2021-12-12 02:42:17 +0000
Processing by PostsController#show as HTML
  Parameters: {"id"=>"1"}
  Rendering posts/show.html.erb within layouts/application
  Rendered posts/show.html.erb within layouts/application (2.1ms)
Completed 500 Internal Server Error in 6ms (ActiveRecord: 0.0ms)



NoMethodError - undefined method `title' for nil:NilClass:
  app/views/posts/show.html.erb:1:in `_app_views_posts_show_html_erb___1259844683273675753_16060'

Started POST "/__better_errors/9bb3308dcd936261/variables" for 127.0.0.1 at 2021-12-12 02:42:18 +0000
Started GET "/posts/1" for 127.0.0.1 at 2021-12-12 02:42:27 +0000
Processing by PostsController#show as HTML
  Parameters: {"id"=>"1"}
  Rendering posts/show.html.erb within layouts/application
  Rendered posts/show.html.erb within layouts/application (3.1ms)
Completed 500 Internal Server Error in 8ms (ActiveRecord: 0.0ms)



NoMethodError - undefined method `title' for nil:NilClass:
  app/views/posts/show.html.erb:1:in `_app_views_posts_show_html_erb___1259844683273675753_16160'

Started POST "/__better_errors/675251200c82f1fd/variables" for 127.0.0.1 at 2021-12-12 02:42:28 +0000
Started GET "/posts/1" for 127.0.0.1 at 2021-12-12 02:42:29 +0000
Processing by PostsController#show as HTML
  Parameters: {"id"=>"1"}
  Rendering posts/show.html.erb within layouts/application
  Rendered posts/show.html.erb within layouts/application (2.5ms)
Completed 500 Internal Server Error in 7ms (ActiveRecord: 0.0ms)



NoMethodError - undefined method `title' for nil:NilClass:
  app/views/posts/show.html.erb:1:in `_app_views_posts_show_html_erb___1259844683273675753_16240'

Started POST "/__better_errors/2d542c33bc22c975/variables" for 127.0.0.1 at 2021-12-12 02:42:30 +0000
Started GET "/posts/1" for 127.0.0.1 at 2021-12-12 02:42:31 +0000
Processing by PostsController#show as HTML
  Parameters: {"id"=>"1"}
  Rendering posts/show.html.erb within layouts/application
  Rendered posts/show.html.erb within layouts/application (2.4ms)
Completed 500 Internal Server Error in 5ms (ActiveRecord: 0.0ms)



NoMethodError - undefined method `title' for nil:NilClass:
  app/views/posts/show.html.erb:1:in `_app_views_posts_show_html_erb___1259844683273675753_16320'

Started POST "/__better_errors/a01a5f0668be74f3/variables" for 127.0.0.1 at 2021-12-12 02:42:31 +0000
Started GET "/posts/1" for 127.0.0.1 at 2021-12-12 02:42:32 +0000
Processing by PostsController#show as HTML
  Parameters: {"id"=>"1"}
  Rendering posts/show.html.erb within layouts/application
  Rendered posts/show.html.erb within layouts/application (6.8ms)
Completed 500 Internal Server Error in 11ms (ActiveRecord: 0.0ms)



NoMethodError - undefined method `title' for nil:NilClass:
  app/views/posts/show.html.erb:1:in `_app_views_posts_show_html_erb___1259844683273675753_16400'

Started GET "/" for 127.0.0.1 at 2021-12-12 02:42:32 +0000
Processing by PostsController#index as HTML
  Rendering posts/index.html.erb within layouts/application
  [1m[36mPost Load (0.4ms)[0m  [1m[34mSELECT "posts".* FROM "posts" ORDER BY created_at DESC[0m
  [1m[35m (0.1ms)[0m  [1m[34mSELECT COUNT(*) FROM "comments" WHERE "comments"."post_id" = ?[0m  [["post_id", 1]]
  Rendered posts/index.html.erb within layouts/application (36.6ms)
Completed 200 OK in 73ms (Views: 70.9ms | ActiveRecord: 0.9ms)


Started GET "/" for 127.0.0.1 at 2021-12-12 02:42:34 +0000
Processing by PostsController#index as HTML
  Rendering posts/index.html.erb within layouts/application
  [1m[36mPost Load (0.2ms)[0m  [1m[34mSELECT "posts".* FROM "posts" ORDER BY created_at DESC[0m
  [1m[35m (0.1ms)[0m  [1m[34mSELECT COUNT(*) FROM "comments" WHERE "comments"."post_id" = ?[0m  [["post_id", 1]]
  Rendered posts/index.html.erb within layouts/application (3.2ms)
Completed 200 OK in 44ms (Views: 41.5ms | ActiveRecord: 0.3ms)


Started GET "/" for 127.0.0.1 at 2021-12-12 02:42:35 +0000
Processing by PostsController#index as HTML
  Rendering posts/index.html.erb within layouts/application
  [1m[36mPost Load (0.3ms)[0m  [1m[34mSELECT "posts".* FROM "posts" ORDER BY created_at DESC[0m
  [1m[35m (0.1ms)[0m  [1m[34mSELECT COUNT(*) FROM "comments" WHERE "comments"."post_id" = ?[0m  [["post_id", 1]]
  Rendered posts/index.html.erb within layouts/application (3.0ms)
Completed 200 OK in 28ms (Views: 26.6ms | ActiveRecord: 0.4ms)


Started GET "/" for 127.0.0.1 at 2021-12-12 02:42:35 +0000
Processing by PostsController#index as HTML
  Rendering posts/index.html.erb within layouts/application
  [1m[36mPost Load (0.2ms)[0m  [1m[34mSELECT "posts".* FROM "posts" ORDER BY created_at DESC[0m
  [1m[35m (0.1ms)[0m  [1m[34mSELECT COUNT(*) FROM "comments" WHERE "comments"."post_id" = ?[0m  [["post_id", 1]]
  Rendered posts/index.html.erb within layouts/application (2.4ms)
Completed 200 OK in 26ms (Views: 24.7ms | ActiveRecord: 0.3ms)


Started GET "/posts/1" for 127.0.0.1 at 2021-12-12 02:42:39 +0000
Processing by PostsController#show as HTML
  Parameters: {"id"=>"1"}
  Rendering posts/show.html.erb within layouts/application
  Rendered posts/show.html.erb within layouts/application (3.2ms)
Completed 500 Internal Server Error in 6ms (ActiveRecord: 0.0ms)



NoMethodError - undefined method `title' for nil:NilClass:
  app/views/posts/show.html.erb:1:in `_app_views_posts_show_html_erb___1259844683273675753_16900'

Started POST "/__better_errors/5d04a16bfa6a8a6f/variables" for 127.0.0.1 at 2021-12-12 02:42:40 +0000
Started GET "/posts/1" for 127.0.0.1 at 2021-12-12 02:47:49 +0000
  [1m[35m (0.7ms)[0m  [1m[34mSELECT "schema_migrations"."version" FROM "schema_migrations" ORDER BY "schema_migrations"."version" ASC[0m
Processing by PostsController#show as HTML
  Parameters: {"id"=>"1"}
  Rendering posts/show.html.erb within layouts/application
  Rendered posts/show.html.erb within layouts/application (4.6ms)
Completed 500 Internal Server Error in 17ms (ActiveRecord: 0.0ms)



NoMethodError - undefined method `title' for nil:NilClass:
  app/views/posts/show.html.erb:1:in `_app_views_posts_show_html_erb__2943478838851483629_15240'

Started POST "/__better_errors/2153f3e15bcf7412/variables" for 127.0.0.1 at 2021-12-12 02:47:50 +0000
Started GET "/" for 127.0.0.1 at 2021-12-12 02:48:04 +0000
Processing by PostsController#index as HTML
  Rendering posts/index.html.erb within layouts/application
  [1m[36mPost Load (0.1ms)[0m  [1m[34mSELECT "posts".* FROM "posts" ORDER BY created_at DESC[0m
  [1m[35m (0.1ms)[0m  [1m[34mSELECT COUNT(*) FROM "comments" WHERE "comments"."post_id" = ?[0m  [["post_id", 1]]
  Rendered posts/index.html.erb within layouts/application (34.9ms)
Completed 200 OK in 210ms (Views: 196.3ms | ActiveRecord: 1.5ms)


Started GET "/posts/1" for 127.0.0.1 at 2021-12-12 02:48:06 +0000
Processing by PostsController#show as HTML
  Parameters: {"id"=>"1"}
  Rendering posts/show.html.erb within layouts/application
  Rendered posts/show.html.erb within layouts/application (3.9ms)
Completed 500 Internal Server Error in 8ms (ActiveRecord: 0.0ms)



NoMethodError - undefined method `title' for nil:NilClass:
  app/views/posts/show.html.erb:1:in `_app_views_posts_show_html_erb__2943478838851483629_15880'

Started POST "/__better_errors/8e41613e94de9609/variables" for 127.0.0.1 at 2021-12-12 02:48:07 +0000
Started GET "/posts/1" for 127.0.0.1 at 2021-12-12 02:48:15 +0000
Processing by PostsController#show as HTML
  Parameters: {"id"=>"1"}
  Rendering posts/show.html.erb within layouts/application
  Rendered posts/show.html.erb within layouts/application (4.0ms)
Completed 500 Internal Server Error in 10ms (ActiveRecord: 0.0ms)



NoMethodError - undefined method `title' for nil:NilClass:
  app/views/posts/show.html.erb:1:in `_app_views_posts_show_html_erb__2943478838851483629_16000'

Started POST "/__better_errors/01287992ba21f2bb/variables" for 127.0.0.1 at 2021-12-12 02:48:15 +0000
Started GET "/" for 127.0.0.1 at 2021-12-12 02:48:18 +0000
Processing by PostsController#index as HTML
  Rendering posts/index.html.erb within layouts/application
  [1m[36mPost Load (0.3ms)[0m  [1m[34mSELECT "posts".* FROM "posts" ORDER BY created_at DESC[0m
  [1m[35m (0.2ms)[0m  [1m[34mSELECT COUNT(*) FROM "comments" WHERE "comments"."post_id" = ?[0m  [["post_id", 1]]
  Rendered posts/index.html.erb within layouts/application (3.3ms)
Completed 200 OK in 26ms (Views: 24.3ms | ActiveRecord: 0.4ms)


Started GET "/posts/new" for 127.0.0.1 at 2021-12-12 02:48:22 +0000
Processing by PostsController#new as HTML
  Rendering posts/new.html.erb within layouts/application
  Rendered posts/_form.html.erb (70.1ms)
  Rendered posts/new.html.erb within layouts/application (71.6ms)
Completed 200 OK in 92ms (Views: 90.6ms | ActiveRecord: 0.0ms)


Started POST "/posts" for 127.0.0.1 at 2021-12-12 02:48:32 +0000
Processing by PostsController#create as HTML
  Parameters: {"utf8"=>"✓", "authenticity_token"=>"TWygBb9FvwaJ0nOCcSzH9kQHyhKB2T+V/cj/JtP/LOR59xOq4U0fQna1NHm1gY63mp/ZpwS+M/o6/B4RewIjog==", "post"=>{"title"=>"first blog", "content"=>"aaaa"}, "commit"=>"Create new post"}
Unpermitted parameter: :content
  [1m[35m (0.1ms)[0m  [1m[36mbegin transaction[0m
  [1m[35mSQL (0.8ms)[0m  [1m[32mINSERT INTO "posts" ("title", "created_at", "updated_at") VALUES (?, ?, ?)[0m  [["title", "first blog"], ["created_at", "2021-12-12 02:48:32.449308"], ["updated_at", "2021-12-12 02:48:32.449308"]]
  [1m[35m (4.4ms)[0m  [1m[36mcommit transaction[0m
Redirected to https://localhost-h-ng-nguy-n-v-n-1.paiza-user-free.cloud:3000/posts/2
Completed 302 Found in 11ms (ActiveRecord: 5.3ms)


Started GET "/posts/2" for 127.0.0.1 at 2021-12-12 02:48:32 +0000
Processing by PostsController#show as HTML
  Parameters: {"id"=>"2"}
  Rendering posts/show.html.erb within layouts/application
  Rendered posts/show.html.erb within layouts/application (2.0ms)
Completed 500 Internal Server Error in 5ms (ActiveRecord: 0.0ms)



NoMethodError - undefined method `title' for nil:NilClass:
  app/views/posts/show.html.erb:1:in `_app_views_posts_show_html_erb__2943478838851483629_16360'

Started POST "/__better_errors/a0260a5891dd15b8/variables" for 127.0.0.1 at 2021-12-12 02:48:33 +0000
Started GET "/posts/2" for 127.0.0.1 at 2021-12-12 02:53:53 +0000
  [1m[35m (0.2ms)[0m  [1m[34mSELECT "schema_migrations"."version" FROM "schema_migrations" ORDER BY "schema_migrations"."version" ASC[0m
Processing by PostsController#show as HTML
  Parameters: {"id"=>"2"}
  Rendering posts/show.html.erb within layouts/application
  Rendered posts/show.html.erb within layouts/application (4.5ms)
Completed 500 Internal Server Error in 15ms (ActiveRecord: 0.0ms)



NoMethodError - undefined method `title' for nil:NilClass:
  app/views/posts/show.html.erb:1:in `_app_views_posts_show_html_erb__2053299178790022667_15240'

Started POST "/__better_errors/38c1fd0eafa5ee3f/variables" for 127.0.0.1 at 2021-12-12 02:53:54 +0000
Started GET "/" for 127.0.0.1 at 2021-12-12 02:53:56 +0000
Processing by PostsController#index as HTML
  Rendering posts/index.html.erb within layouts/application
  Rendered posts/index.html.erb within layouts/application (1.8ms)
Completed 500 Internal Server Error in 14ms (ActiveRecord: 0.0ms)



NoMethodError - undefined method `each' for nil:NilClass:
  app/views/posts/index.html.erb:5:in `_app_views_posts_index_html_erb___2502619603950960214_15500'

Started POST "/__better_errors/3a4ba2bbdc977b09/variables" for 127.0.0.1 at 2021-12-12 02:53:57 +0000
  [1m[36mPost Load (0.2ms)[0m  [1m[34mSELECT  "posts".* FROM "posts" ORDER BY created_at DESC LIMIT ?[0m  [["LIMIT", 11]]
Started GET "/" for 127.0.0.1 at 2021-12-12 02:54:02 +0000
Processing by PostsController#index as HTML
  Rendering posts/index.html.erb within layouts/application
  Rendered posts/index.html.erb within layouts/application (2.6ms)
Completed 500 Internal Server Error in 6ms (ActiveRecord: 0.0ms)



NoMethodError - undefined method `each' for nil:NilClass:
  app/views/posts/index.html.erb:5:in `_app_views_posts_index_html_erb___2502619603950960214_15740'

Started POST "/__better_errors/d875886681114c35/variables" for 127.0.0.1 at 2021-12-12 02:54:03 +0000
  [1m[36mPost Load (0.3ms)[0m  [1m[34mSELECT  "posts".* FROM "posts" ORDER BY created_at DESC LIMIT ?[0m  [["LIMIT", 11]]
Started GET "/" for 127.0.0.1 at 2021-12-12 02:54:15 +0000
Processing by PostsController#index as HTML
  Rendering posts/index.html.erb within layouts/application
  [1m[36mPost Load (0.1ms)[0m  [1m[34mSELECT "posts".* FROM "posts" ORDER BY created_at DESC[0m
  [1m[35m (0.1ms)[0m  [1m[34mSELECT COUNT(*) FROM "comments" WHERE "comments"."post_id" = ?[0m  [["post_id", 2]]
  [1m[35m (0.1ms)[0m  [1m[34mSELECT COUNT(*) FROM "comments" WHERE "comments"."post_id" = ?[0m  [["post_id", 1]]
  Rendered posts/index.html.erb within layouts/application (37.8ms)
Completed 200 OK in 293ms (Views: 289.4ms | ActiveRecord: 1.7ms)


Started GET "/posts/2" for 127.0.0.1 at 2021-12-12 02:54:20 +0000
Processing by PostsController#show as HTML
  Parameters: {"id"=>"2"}
  Rendering posts/show.html.erb within layouts/application
  Rendered posts/show.html.erb within layouts/application (2.8ms)
Completed 500 Internal Server Error in 7ms (ActiveRecord: 0.0ms)



NoMethodError - undefined method `title' for nil:NilClass:
  app/views/posts/show.html.erb:1:in `_app_views_posts_show_html_erb__2053299178790022667_19560'

Started POST "/__better_errors/280b5d93015e1268/variables" for 127.0.0.1 at 2021-12-12 02:54:20 +0000
Started GET "/posts/2" for 127.0.0.1 at 2021-12-12 02:54:35 +0000
Processing by PostsController#show as HTML
  Parameters: {"id"=>"2"}
  Rendering posts/show.html.erb within layouts/application
  Rendered posts/show.html.erb within layouts/application (2.2ms)
Completed 500 Internal Server Error in 7ms (ActiveRecord: 0.0ms)



NoMethodError - undefined method `title' for nil:NilClass:
  app/views/posts/show.html.erb:1:in `_app_views_posts_show_html_erb__2053299178790022667_19660'

Started POST "/__better_errors/e8963eb90f77a2c1/variables" for 127.0.0.1 at 2021-12-12 02:54:35 +0000
Started GET "/" for 127.0.0.1 at 2021-12-12 03:46:17 +0000
  [1m[35m (0.2ms)[0m  [1m[34mSELECT "schema_migrations"."version" FROM "schema_migrations" ORDER BY "schema_migrations"."version" ASC[0m
Processing by PostsController#index as HTML
  Rendering posts/index.html.erb within layouts/application
  [1m[36mPost Load (0.3ms)[0m  [1m[34mSELECT "posts".* FROM "posts" ORDER BY created_at DESC[0m
  [1m[35m (0.2ms)[0m  [1m[34mSELECT COUNT(*) FROM "comments" WHERE "comments"."post_id" = ?[0m  [["post_id", 2]]
  [1m[35m (0.1ms)[0m  [1m[34mSELECT COUNT(*) FROM "comments" WHERE "comments"."post_id" = ?[0m  [["post_id", 1]]
  Rendered posts/index.html.erb within layouts/application (40.1ms)
Completed 200 OK in 302ms (Views: 280.1ms | ActiveRecord: 1.3ms)


Started GET "/posts/2" for 127.0.0.1 at 2021-12-12 03:46:25 +0000
Processing by PostsController#show as HTML
  Parameters: {"id"=>"2"}
  Rendering posts/show.html.erb within layouts/application
  Rendered posts/show.html.erb within layouts/application (5.7ms)
Completed 500 Internal Server Error in 11ms (ActiveRecord: 0.0ms)



NoMethodError - undefined method `title' for nil:NilClass:
  app/views/posts/show.html.erb:1:in `_app_views_posts_show_html_erb__38600225472177035_15660'

Started POST "/__better_errors/03f72dccfa29d0c5/variables" for 127.0.0.1 at 2021-12-12 03:46:26 +0000
Started GET "/" for 127.0.0.1 at 2021-12-12 03:56:39 +0000
  [1m[35m (0.5ms)[0m  [1m[34mSELECT "schema_migrations"."version" FROM "schema_migrations" ORDER BY "schema_migrations"."version" ASC[0m
Processing by PostsController#index as HTML
  Rendering posts/index.html.erb within layouts/application
  [1m[36mPost Load (0.4ms)[0m  [1m[34mSELECT "posts".* FROM "posts" ORDER BY created_at DESC[0m
  [1m[35m (0.3ms)[0m  [1m[34mSELECT COUNT(*) FROM "comments" WHERE "comments"."post_id" = ?[0m  [["post_id", 2]]
  [1m[35m (0.2ms)[0m  [1m[34mSELECT COUNT(*) FROM "comments" WHERE "comments"."post_id" = ?[0m  [["post_id", 1]]
  Rendered posts/index.html.erb within layouts/application (40.3ms)
Completed 200 OK in 285ms (Views: 261.3ms | ActiveRecord: 1.8ms)


Started GET "/posts/2" for 127.0.0.1 at 2021-12-12 03:56:42 +0000
Processing by PostsController#show as HTML
  Parameters: {"id"=>"2"}
  Rendering posts/show.html.erb within layouts/application
  Rendered posts/show.html.erb within layouts/application (6.8ms)
Completed 500 Internal Server Error in 11ms (ActiveRecord: 0.0ms)



NoMethodError - undefined method `title' for nil:NilClass:
  app/views/posts/show.html.erb:1:in `_app_views_posts_show_html_erb___2974371539442004928_15660'

Started POST "/__better_errors/7ce8253995395f17/variables" for 127.0.0.1 at 2021-12-12 03:56:42 +0000
Started GET "/posts/2" for 127.0.0.1 at 2021-12-12 03:56:49 +0000
Processing by PostsController#show as HTML
  Parameters: {"id"=>"2"}
  Rendering posts/show.html.erb within layouts/application
  Rendered posts/show.html.erb within layouts/application (4.4ms)
Completed 500 Internal Server Error in 9ms (ActiveRecord: 0.0ms)



NoMethodError - undefined method `title' for nil:NilClass:
  app/views/posts/show.html.erb:1:in `_app_views_posts_show_html_erb___2974371539442004928_15860'

Started POST "/__better_errors/234c68bbc26140ee/variables" for 127.0.0.1 at 2021-12-12 03:56:50 +0000
Started GET "/posts/2" for 127.0.0.1 at 2021-12-12 03:56:57 +0000
Processing by PostsController#show as HTML
  Parameters: {"id"=>"2"}
  Rendering posts/show.html.erb within layouts/application
  Rendered posts/show.html.erb within layouts/application (2.3ms)
Completed 500 Internal Server Error in 6ms (ActiveRecord: 0.0ms)



NoMethodError - undefined method `title' for nil:NilClass:
  app/views/posts/show.html.erb:1:in `_app_views_posts_show_html_erb___2974371539442004928_15960'

Started POST "/__better_errors/35a244114abb079a/variables" for 127.0.0.1 at 2021-12-12 03:56:58 +0000
Started GET "/posts/2" for 127.0.0.1 at 2021-12-12 03:56:59 +0000
Processing by PostsController#show as HTML
  Parameters: {"id"=>"2"}
  Rendering posts/show.html.erb within layouts/application
  Rendered posts/show.html.erb within layouts/application (6.2ms)
Completed 500 Internal Server Error in 9ms (ActiveRecord: 0.0ms)



NoMethodError - undefined method `title' for nil:NilClass:
  app/views/posts/show.html.erb:1:in `_app_views_posts_show_html_erb___2974371539442004928_16040'

Started POST "/__better_errors/38d7fd982fcb5f4a/variables" for 127.0.0.1 at 2021-12-12 03:56:59 +0000
Started GET "/" for 127.0.0.1 at 2021-12-12 03:57:02 +0000
Processing by PostsController#index as HTML
  Rendering posts/index.html.erb within layouts/application
  [1m[36mPost Load (0.2ms)[0m  [1m[34mSELECT "posts".* FROM "posts" ORDER BY created_at DESC[0m
  [1m[35m (0.1ms)[0m  [1m[34mSELECT COUNT(*) FROM "comments" WHERE "comments"."post_id" = ?[0m  [["post_id", 2]]
  [1m[35m (0.1ms)[0m  [1m[34mSELECT COUNT(*) FROM "comments" WHERE "comments"."post_id" = ?[0m  [["post_id", 1]]
  Rendered posts/index.html.erb within layouts/application (4.9ms)
Completed 200 OK in 46ms (Views: 42.3ms | ActiveRecord: 0.5ms)


Started GET "/" for 127.0.0.1 at 2021-12-12 03:57:02 +0000
Processing by PostsController#index as HTML
  Rendering posts/index.html.erb within layouts/application
  [1m[36mPost Load (0.4ms)[0m  [1m[34mSELECT "posts".* FROM "posts" ORDER BY created_at DESC[0m
  [1m[35m (0.1ms)[0m  [1m[34mSELECT COUNT(*) FROM "comments" WHERE "comments"."post_id" = ?[0m  [["post_id", 2]]
  [1m[35m (0.2ms)[0m  [1m[34mSELECT COUNT(*) FROM "comments" WHERE "comments"."post_id" = ?[0m  [["post_id", 1]]
  Rendered posts/index.html.erb within layouts/application (7.0ms)
Completed 200 OK in 36ms (Views: 33.1ms | ActiveRecord: 0.6ms)


Started GET "/" for 127.0.0.1 at 2021-12-12 04:01:31 +0000
  [1m[35m (0.2ms)[0m  [1m[34mSELECT "schema_migrations"."version" FROM "schema_migrations" ORDER BY "schema_migrations"."version" ASC[0m
Processing by PostsController#index as HTML
  Rendering posts/index.html.erb within layouts/application
  [1m[36mPost Load (0.2ms)[0m  [1m[34mSELECT "posts".* FROM "posts" ORDER BY created_at DESC[0m
  Rendered posts/index.html.erb within layouts/application (16.6ms)
Completed 500 Internal Server Error in 29ms (ActiveRecord: 0.8ms)



NoMethodError - undefined method `comments' for #<Post:0x00007ffa04736ee0>
Did you mean?  committed!:
  app/views/posts/index.html.erb:17:in `block in _app_views_posts_index_html_erb__1617821289848517801_15280'
  app/views/posts/index.html.erb:5:in `_app_views_posts_index_html_erb__1617821289848517801_15280'

Started POST "/__better_errors/ddda6896b0e116a2/variables" for 127.0.0.1 at 2021-12-12 04:01:41 +0000
Started GET "/" for 127.0.0.1 at 2021-12-12 04:01:44 +0000
Processing by PostsController#index as HTML
  Rendering posts/index.html.erb within layouts/application
  [1m[36mPost Load (0.2ms)[0m  [1m[34mSELECT "posts".* FROM "posts" ORDER BY created_at DESC[0m
  Rendered posts/index.html.erb within layouts/application (8.7ms)
Completed 500 Internal Server Error in 12ms (ActiveRecord: 0.5ms)



NoMethodError - undefined method `comments' for #<Post:0x00007ff9d8023dc8>
Did you mean?  committed!:
  app/views/posts/index.html.erb:17:in `block in _app_views_posts_index_html_erb__1617821289848517801_15500'
  app/views/posts/index.html.erb:5:in `_app_views_posts_index_html_erb__1617821289848517801_15500'

Started GET "/" for 127.0.0.1 at 2021-12-12 04:01:45 +0000
Processing by PostsController#index as HTML
  Rendering posts/index.html.erb within layouts/application
  [1m[36mPost Load (0.2ms)[0m  [1m[34mSELECT "posts".* FROM "posts" ORDER BY created_at DESC[0m
  Rendered posts/index.html.erb within layouts/application (6.8ms)
Completed 500 Internal Server Error in 9ms (ActiveRecord: 0.2ms)



NoMethodError - undefined method `comments' for #<Post:0x00007ff9f401dfb0>
Did you mean?  committed!:
  app/views/posts/index.html.erb:17:in `block in _app_views_posts_index_html_erb__1617821289848517801_15600'
  app/views/posts/index.html.erb:5:in `_app_views_posts_index_html_erb__1617821289848517801_15600'

Started POST "/__better_errors/0377a3fa5a3640f6/variables" for 127.0.0.1 at 2021-12-12 04:01:45 +0000
Started POST "/__better_errors/3395508330b89eb7/variables" for 127.0.0.1 at 2021-12-12 04:01:48 +0000
Started GET "/" for 127.0.0.1 at 2021-12-12 04:02:00 +0000
Processing by PostsController#index as HTML
  Rendering posts/index.html.erb within layouts/application
  [1m[36mPost Load (0.3ms)[0m  [1m[34mSELECT "posts".* FROM "posts" ORDER BY created_at DESC[0m
  Rendered posts/index.html.erb within layouts/application (6.8ms)
Completed 500 Internal Server Error in 11ms (ActiveRecord: 0.3ms)



NoMethodError - undefined method `comments' for #<Post:0x00007ff9fc583fb0>
Did you mean?  committed!:
  app/views/posts/index.html.erb:17:in `block in _app_views_posts_index_html_erb__1617821289848517801_15700'
  app/views/posts/index.html.erb:5:in `_app_views_posts_index_html_erb__1617821289848517801_15700'

Started POST "/__better_errors/6f1068c51944451d/variables" for 127.0.0.1 at 2021-12-12 04:02:06 +0000
Started GET "/" for 127.0.0.1 at 2021-12-12 04:06:00 +0000
  [1m[35m (0.2ms)[0m  [1m[34mSELECT "schema_migrations"."version" FROM "schema_migrations" ORDER BY "schema_migrations"."version" ASC[0m
Processing by PostsController#index as HTML
  Rendering posts/index.html.erb within layouts/application
  [1m[36mPost Load (0.2ms)[0m  [1m[34mSELECT "posts".* FROM "posts" ORDER BY created_at DESC[0m
  Rendered posts/index.html.erb within layouts/application (17.1ms)
Completed 500 Internal Server Error in 29ms (ActiveRecord: 0.8ms)



NoMethodError - undefined method `comments' for #<Post:0x0000000005081538>
Did you mean?  committed!:
  app/views/posts/index.html.erb:17:in `block in _app_views_posts_index_html_erb__4160954956431124141_15280'
  app/views/posts/index.html.erb:5:in `_app_views_posts_index_html_erb__4160954956431124141_15280'

Started POST "/__better_errors/7d9a4bc98a108f7f/variables" for 127.0.0.1 at 2021-12-12 04:06:00 +0000
  [1m[35m (0.2ms)[0m  [1m[34mSELECT "schema_migrations"."version" FROM "schema_migrations" ORDER BY "schema_migrations"."version" ASC[0m
  [1m[36mActiveRecord::InternalMetadata Load (0.2ms)[0m  [1m[34mSELECT  "ar_internal_metadata".* FROM "ar_internal_metadata" WHERE "ar_internal_metadata"."key" = ? LIMIT ?[0m  [["key", "environment"], ["LIMIT", 1]]
  [1m[35m (0.0ms)[0m  [1m[36mbegin transaction[0m
  [1m[35m (0.0ms)[0m  [1m[36mcommit transaction[0m
  [1m[35m (0.1ms)[0m  [1m[34mSELECT "schema_migrations"."version" FROM "schema_migrations" ORDER BY "schema_migrations"."version" ASC[0m
  [1m[35m (0.2ms)[0m  [1m[34mSELECT "schema_migrations"."version" FROM "schema_migrations" ORDER BY "schema_migrations"."version" ASC[0m
  [1m[36mActiveRecord::InternalMetadata Load (0.2ms)[0m  [1m[34mSELECT  "ar_internal_metadata".* FROM "ar_internal_metadata" WHERE "ar_internal_metadata"."key" = ? LIMIT ?[0m  [["key", "environment"], ["LIMIT", 1]]
  [1m[35m (0.0ms)[0m  [1m[36mbegin transaction[0m
  [1m[35m (0.0ms)[0m  [1m[36mcommit transaction[0m
  [1m[35m (0.1ms)[0m  [1m[34mSELECT "schema_migrations"."version" FROM "schema_migrations" ORDER BY "schema_migrations"."version" ASC[0m
  [1m[35m (0.1ms)[0m  [1m[34mSELECT "schema_migrations"."version" FROM "schema_migrations" ORDER BY "schema_migrations"."version" ASC[0m
  [1m[36mActiveRecord::InternalMetadata Load (0.1ms)[0m  [1m[34mSELECT  "ar_internal_metadata".* FROM "ar_internal_metadata" WHERE "ar_internal_metadata"."key" = ? LIMIT ?[0m  [["key", "environment"], ["LIMIT", 1]]
  [1m[35m (0.0ms)[0m  [1m[36mbegin transaction[0m
  [1m[35m (0.0ms)[0m  [1m[36mcommit transaction[0m
  [1m[35m (0.1ms)[0m  [1m[34mSELECT "schema_migrations"."version" FROM "schema_migrations" ORDER BY "schema_migrations"."version" ASC[0m
  [1m[35m (0.1ms)[0m  [1m[34mSELECT "schema_migrations"."version" FROM "schema_migrations" ORDER BY "schema_migrations"."version" ASC[0m
  [1m[36mActiveRecord::InternalMetadata Load (0.2ms)[0m  [1m[34mSELECT  "ar_internal_metadata".* FROM "ar_internal_metadata" WHERE "ar_internal_metadata"."key" = ? LIMIT ?[0m  [["key", "environment"], ["LIMIT", 1]]
  [1m[35m (0.0ms)[0m  [1m[36mbegin transaction[0m
  [1m[35m (1.5ms)[0m  [1m[36mcommit transaction[0m
  [1m[35m (0.1ms)[0m  [1m[34mSELECT "schema_migrations"."version" FROM "schema_migrations" ORDER BY "schema_migrations"."version" ASC[0m
  [1m[35m (0.1ms)[0m  [1m[34mSELECT "schema_migrations"."version" FROM "schema_migrations" ORDER BY "schema_migrations"."version" ASC[0m
Migrating to AddPostIdToComments (20211212041921)
  [1m[35m (0.1ms)[0m  [1m[36mbegin transaction[0m
  [1m[35m (0.2ms)[0m  [1m[35mALTER TABLE "comments" ADD "post_id" integer[0m
  [1m[35m (0.0ms)[0m  [1m[31mrollback transaction[0m
Started GET "/" for 127.0.0.1 at 2021-12-12 04:24:57 +0000
  [1m[35m (0.2ms)[0m  [1m[34mSELECT "schema_migrations"."version" FROM "schema_migrations" ORDER BY "schema_migrations"."version" ASC[0m

ActiveRecord::PendingMigrationError - Migrations are pending. To resolve this issue, run:

        bin/rails db:migrate RAILS_ENV=development

:

Started POST "/__better_errors/fb23384c3fefebfc/variables" for 127.0.0.1 at 2021-12-12 04:24:58 +0000
  [1m[35m (0.2ms)[0m  [1m[34mSELECT "schema_migrations"."version" FROM "schema_migrations" ORDER BY "schema_migrations"."version" ASC[0m
Migrating to AddPostIdToComments (20211212041921)
  [1m[35m (0.1ms)[0m  [1m[36mbegin transaction[0m
  [1m[35m (1.6ms)[0m  [1m[35mALTER TABLE "comments" ADD "post_id" integer[0m
  [1m[35m (0.0ms)[0m  [1m[31mrollback transaction[0m
Started GET "/" for 127.0.0.1 at 2021-12-12 04:26:14 +0000
  [1m[35m (0.2ms)[0m  [1m[34mSELECT "schema_migrations"."version" FROM "schema_migrations" ORDER BY "schema_migrations"."version" ASC[0m

ActiveRecord::PendingMigrationError - Migrations are pending. To resolve this issue, run:

        bin/rails db:migrate RAILS_ENV=development

:

Started POST "/__better_errors/d396c2b7094e970c/variables" for 127.0.0.1 at 2021-12-12 04:26:15 +0000
  [1m[35m (0.9ms)[0m  [1m[34mSELECT sqlite_version(*)[0m
  [1m[35m (8.6ms)[0m  [1m[35mCREATE TABLE "schema_migrations" ("version" varchar NOT NULL PRIMARY KEY)[0m
  [1m[35m (7.7ms)[0m  [1m[35mCREATE TABLE "ar_internal_metadata" ("key" varchar NOT NULL PRIMARY KEY, "value" varchar, "created_at" datetime NOT NULL, "updated_at" datetime NOT NULL)[0m
  [1m[35m (0.2ms)[0m  [1m[34mSELECT "schema_migrations"."version" FROM "schema_migrations" ORDER BY "schema_migrations"."version" ASC[0m
Migrating to CreatePosts (20171117160543)
  [1m[35m (0.1ms)[0m  [1m[36mbegin transaction[0m
  [1m[35m (0.7ms)[0m  [1m[35mCREATE TABLE "posts" ("id" INTEGER PRIMARY KEY AUTOINCREMENT NOT NULL, "title" varchar, "content" text, "created_at" datetime NOT NULL, "updated_at" datetime NOT NULL)[0m
  [1m[35mSQL (0.1ms)[0m  [1m[32mINSERT INTO "schema_migrations" ("version") VALUES (?)[0m  [["version", "20171117160543"]]
  [1m[35m (7.4ms)[0m  [1m[36mcommit transaction[0m
Migrating to CreateComments (20171117180147)
  [1m[35m (0.0ms)[0m  [1m[36mbegin transaction[0m
  [1m[35m (0.6ms)[0m  [1m[35mCREATE TABLE "comments" ("id" INTEGER PRIMARY KEY AUTOINCREMENT NOT NULL, "name" varchar, "comment" text, "created_at" datetime NOT NULL, "updated_at" datetime NOT NULL)[0m
  [1m[35mSQL (0.2ms)[0m  [1m[32mINSERT INTO "schema_migrations" ("version") VALUES (?)[0m  [["version", "20171117180147"]]
  [1m[35m (6.0ms)[0m  [1m[36mcommit transaction[0m
Migrating to AddPostIdToComments (20211212041921)
  [1m[35m (0.1ms)[0m  [1m[36mbegin transaction[0m
  [1m[35m (1.3ms)[0m  [1m[35mALTER TABLE "comments" ADD "post_id" integer[0m
  [1m[35mSQL (0.2ms)[0m  [1m[32mINSERT INTO "schema_migrations" ("version") VALUES (?)[0m  [["version", "20211212041921"]]
  [1m[35m (4.9ms)[0m  [1m[36mcommit transaction[0m
  [1m[36mActiveRecord::InternalMetadata Load (0.1ms)[0m  [1m[34mSELECT  "ar_internal_metadata".* FROM "ar_internal_metadata" WHERE "ar_internal_metadata"."key" = ? LIMIT ?[0m  [["key", "environment"], ["LIMIT", 1]]
  [1m[35m (0.0ms)[0m  [1m[36mbegin transaction[0m
  [1m[35mSQL (0.3ms)[0m  [1m[32mINSERT INTO "ar_internal_metadata" ("key", "value", "created_at", "updated_at") VALUES (?, ?, ?, ?)[0m  [["key", "environment"], ["value", "development"], ["created_at", "2021-12-12 04:28:29.502875"], ["updated_at", "2021-12-12 04:28:29.502875"]]
  [1m[35m (4.9ms)[0m  [1m[36mcommit transaction[0m
  [1m[35m (0.1ms)[0m  [1m[34mSELECT "schema_migrations"."version" FROM "schema_migrations" ORDER BY "schema_migrations"."version" ASC[0m
Started GET "/" for 127.0.0.1 at 2021-12-12 04:28:51 +0000
  [1m[35m (0.2ms)[0m  [1m[34mSELECT "schema_migrations"."version" FROM "schema_migrations" ORDER BY "schema_migrations"."version" ASC[0m
Processing by PostsController#index as HTML
  Rendering posts/index.html.erb within layouts/application
  [1m[36mPost Load (0.3ms)[0m  [1m[34mSELECT "posts".* FROM "posts" ORDER BY created_at DESC[0m
  Rendered posts/index.html.erb within layouts/application (2.9ms)
Completed 200 OK in 1350ms (Views: 1336.0ms | ActiveRecord: 0.5ms)


Started GET "/posts/new" for 127.0.0.1 at 2021-12-12 04:28:55 +0000
Processing by PostsController#new as HTML
  Rendering posts/new.html.erb within layouts/application
  Rendered posts/_form.html.erb (81.7ms)
  Rendered posts/new.html.erb within layouts/application (82.9ms)
Completed 200 OK in 114ms (Views: 105.4ms | ActiveRecord: 0.9ms)


Started POST "/posts" for 127.0.0.1 at 2021-12-12 04:29:03 +0000
Processing by PostsController#create as HTML
  Parameters: {"utf8"=>"✓", "authenticity_token"=>"eRZmUuE9TBgn4HkWS0T2R1GIP+i8JirRn6ho1O0tqwhNjdX9vzXsXNiHPu2P6b8GjxAsXTlBJr5YnInjRdCkTg==", "post"=>{"title"=>"first blog", "content"=>"agaga"}, "commit"=>"Create new post"}
  [1m[35m (0.1ms)[0m  [1m[36mbegin transaction[0m
  [1m[35mSQL (0.4ms)[0m  [1m[32mINSERT INTO "posts" ("title", "content", "created_at", "updated_at") VALUES (?, ?, ?, ?)[0m  [["title", "first blog"], ["content", "agaga"], ["created_at", "2021-12-12 04:29:03.815968"], ["updated_at", "2021-12-12 04:29:03.815968"]]
  [1m[35m (7.4ms)[0m  [1m[36mcommit transaction[0m
Redirected to https://localhost-h-ng-nguy-n-v-n-1.paiza-user-free.cloud:3000/posts/1
Completed 302 Found in 12ms (ActiveRecord: 7.9ms)


Started GET "/posts/1" for 127.0.0.1 at 2021-12-12 04:29:03 +0000
Processing by PostsController#show as HTML
  Parameters: {"id"=>"1"}
  [1m[36mPost Load (0.3ms)[0m  [1m[34mSELECT  "posts".* FROM "posts" WHERE "posts"."id" = ? LIMIT ?[0m  [["id", 1], ["LIMIT", 1]]
  Rendering posts/show.html.erb within layouts/application
  [1m[35m (0.2ms)[0m  [1m[34mSELECT COUNT(*) FROM "comments" WHERE "comments"."post_id" = ?[0m  [["post_id", 1]]
  [1m[36mComment Load (0.1ms)[0m  [1m[34mSELECT "comments".* FROM "comments" WHERE "comments"."post_id" = ?[0m  [["post_id", 1]]
  Rendered collection of templates [0 times] (0.0ms)
  Rendered comments/_form.html.erb (17.7ms)
  Rendered posts/show.html.erb within layouts/application (48.2ms)
Completed 200 OK in 79ms (Views: 67.7ms | ActiveRecord: 1.2ms)


Started GET "/" for 127.0.0.1 at 2021-12-12 04:29:25 +0000
Processing by PostsController#index as HTML
  Rendering posts/index.html.erb within layouts/application
  [1m[36mPost Load (0.2ms)[0m  [1m[34mSELECT "posts".* FROM "posts" ORDER BY created_at DESC[0m
  [1m[35m (0.2ms)[0m  [1m[34mSELECT COUNT(*) FROM "comments" WHERE "comments"."post_id" = ?[0m  [["post_id", 1]]
  Rendered posts/index.html.erb within layouts/application (2.8ms)
Completed 200 OK in 26ms (Views: 24.2ms | ActiveRecord: 0.4ms)


Started GET "/posts/1" for 127.0.0.1 at 2021-12-12 04:29:26 +0000
Processing by PostsController#show as HTML
  Parameters: {"id"=>"1"}
  [1m[36mPost Load (0.2ms)[0m  [1m[34mSELECT  "posts".* FROM "posts" WHERE "posts"."id" = ? LIMIT ?[0m  [["id", 1], ["LIMIT", 1]]
  Rendering posts/show.html.erb within layouts/application
  [1m[35m (0.2ms)[0m  [1m[34mSELECT COUNT(*) FROM "comments" WHERE "comments"."post_id" = ?[0m  [["post_id", 1]]
  [1m[36mComment Load (0.2ms)[0m  [1m[34mSELECT "comments".* FROM "comments" WHERE "comments"."post_id" = ?[0m  [["post_id", 1]]
  Rendered collection of templates [0 times] (0.0ms)
  Rendered comments/_form.html.erb (4.6ms)
  Rendered posts/show.html.erb within layouts/application (9.8ms)
Completed 200 OK in 45ms (Views: 41.2ms | ActiveRecord: 0.6ms)


Started POST "/posts/1/comments" for 127.0.0.1 at 2021-12-12 04:29:43 +0000
Processing by CommentsController#create as HTML
  Parameters: {"utf8"=>"✓", "authenticity_token"=>"wcqbBPwMuL1opGPWbK0WUBS1mQspAX3KOpkNSCJo7FvpC1JeCFONt7gOrvzO+4xr+nn4LLt8FMJatnsZjrGRcg==", "comment"=>{"name"=>"nhung", "comment"=>"helo"}, "commit"=>"Leave a reply", "post_id"=>"1"}
  [1m[36mPost Load (0.3ms)[0m  [1m[34mSELECT  "posts".* FROM "posts" WHERE "posts"."id" = ? LIMIT ?[0m  [["id", 1], ["LIMIT", 1]]
  [1m[35m (0.1ms)[0m  [1m[36mbegin transaction[0m
  [1m[35mSQL (0.3ms)[0m  [1m[32mINSERT INTO "comments" ("name", "comment", "created_at", "updated_at", "post_id") VALUES (?, ?, ?, ?, ?)[0m  [["name", "nhung"], ["comment", "helo"], ["created_at", "2021-12-12 04:29:43.158543"], ["updated_at", "2021-12-12 04:29:43.158543"], ["post_id", 1]]
  [1m[35m (4.5ms)[0m  [1m[36mcommit transaction[0m
Redirected to https://localhost-h-ng-nguy-n-v-n-1.paiza-user-free.cloud:3000/posts/1
Completed 302 Found in 13ms (ActiveRecord: 5.2ms)


Started GET "/posts/1" for 127.0.0.1 at 2021-12-12 04:29:43 +0000
Processing by PostsController#show as HTML
  Parameters: {"id"=>"1"}
  [1m[36mPost Load (0.2ms)[0m  [1m[34mSELECT  "posts".* FROM "posts" WHERE "posts"."id" = ? LIMIT ?[0m  [["id", 1], ["LIMIT", 1]]
  Rendering posts/show.html.erb within layouts/application
  [1m[35m (0.2ms)[0m  [1m[34mSELECT COUNT(*) FROM "comments" WHERE "comments"."post_id" = ?[0m  [["post_id", 1]]
  [1m[36mComment Load (0.1ms)[0m  [1m[34mSELECT "comments".* FROM "comments" WHERE "comments"."post_id" = ?[0m  [["post_id", 1]]
  Rendered collection of comments/_comment.html.erb [1 times] (0.6ms)
  Rendered comments/_form.html.erb (4.3ms)
  Rendered posts/show.html.erb within layouts/application (10.2ms)
Completed 200 OK in 34ms (Views: 31.2ms | ActiveRecord: 0.5ms)


Started GET "/" for 127.0.0.1 at 2021-12-12 04:29:53 +0000
Processing by PostsController#index as HTML
  Rendering posts/index.html.erb within layouts/application
  [1m[36mPost Load (0.4ms)[0m  [1m[34mSELECT "posts".* FROM "posts" ORDER BY created_at DESC[0m
  [1m[35m (0.2ms)[0m  [1m[34mSELECT COUNT(*) FROM "comments" WHERE "comments"."post_id" = ?[0m  [["post_id", 1]]
  Rendered posts/index.html.erb within layouts/application (4.0ms)
Completed 200 OK in 28ms (Views: 25.8ms | ActiveRecord: 0.6ms)


Started GET "/posts/1" for 127.0.0.1 at 2021-12-12 04:29:56 +0000
Processing by PostsController#show as HTML
  Parameters: {"id"=>"1"}
  [1m[36mPost Load (0.3ms)[0m  [1m[34mSELECT  "posts".* FROM "posts" WHERE "posts"."id" = ? LIMIT ?[0m  [["id", 1], ["LIMIT", 1]]
  Rendering posts/show.html.erb within layouts/application
  [1m[35m (0.1ms)[0m  [1m[34mSELECT COUNT(*) FROM "comments" WHERE "comments"."post_id" = ?[0m  [["post_id", 1]]
  [1m[36mComment Load (0.1ms)[0m  [1m[34mSELECT "comments".* FROM "comments" WHERE "comments"."post_id" = ?[0m  [["post_id", 1]]
  Rendered collection of comments/_comment.html.erb [1 times] (0.7ms)
  Rendered comments/_form.html.erb (4.7ms)
  Rendered posts/show.html.erb within layouts/application (9.9ms)
Completed 200 OK in 34ms (Views: 31.2ms | ActiveRecord: 0.6ms)


Started GET "/posts/1/edit" for 127.0.0.1 at 2021-12-12 04:30:03 +0000
Processing by PostsController#edit as HTML
  Parameters: {"id"=>"1"}
  [1m[36mPost Load (0.3ms)[0m  [1m[34mSELECT  "posts".* FROM "posts" WHERE "posts"."id" = ? LIMIT ?[0m  [["id", 1], ["LIMIT", 1]]
  Rendering posts/edit.html.erb within layouts/application
  Rendered posts/_form.html.erb (4.5ms)
  Rendered posts/edit.html.erb within layouts/application (5.6ms)
Completed 200 OK in 35ms (Views: 31.7ms | ActiveRecord: 0.3ms)


Started GET "/" for 127.0.0.1 at 2021-12-12 06:12:03 +0000
  [1m[35m (0.2ms)[0m  [1m[34mSELECT "schema_migrations"."version" FROM "schema_migrations" ORDER BY "schema_migrations"."version" ASC[0m
Processing by PostsController#index as HTML
  Rendering posts/index.html.erb within layouts/application
  [1m[36mPost Load (0.3ms)[0m  [1m[34mSELECT "posts".* FROM "posts" ORDER BY created_at DESC[0m
  [1m[35m (0.2ms)[0m  [1m[34mSELECT COUNT(*) FROM "comments" WHERE "comments"."post_id" = ?[0m  [["post_id", 1]]
  Rendered posts/index.html.erb within layouts/application (33.2ms)
Completed 200 OK in 240ms (Views: 226.2ms | ActiveRecord: 1.3ms)


Started GET "/posts/1" for 127.0.0.1 at 2021-12-12 06:12:07 +0000
Processing by PostsController#show as HTML
  Parameters: {"id"=>"1"}
  [1m[36mPost Load (0.2ms)[0m  [1m[34mSELECT  "posts".* FROM "posts" WHERE "posts"."id" = ? LIMIT ?[0m  [["id", 1], ["LIMIT", 1]]
  Rendering posts/show.html.erb within layouts/application
  [1m[35m (0.1ms)[0m  [1m[34mSELECT COUNT(*) FROM "comments" WHERE "comments"."post_id" = ?[0m  [["post_id", 1]]
  [1m[36mComment Load (0.1ms)[0m  [1m[34mSELECT "comments".* FROM "comments" WHERE "comments"."post_id" = ?[0m  [["post_id", 1]]
  Rendered collection of comments/_comment.html.erb [1 times] (3.9ms)
  Rendered comments/_form.html.erb (108.5ms)
  Rendered posts/show.html.erb within layouts/application (127.4ms)
Completed 200 OK in 157ms (Views: 151.4ms | ActiveRecord: 1.0ms)


Started GET "/" for 127.0.0.1 at 2021-12-12 06:12:11 +0000
Processing by PostsController#index as HTML
  Rendering posts/index.html.erb within layouts/application
  [1m[36mPost Load (0.3ms)[0m  [1m[34mSELECT "posts".* FROM "posts" ORDER BY created_at DESC[0m
  [1m[35m (0.2ms)[0m  [1m[34mSELECT COUNT(*) FROM "comments" WHERE "comments"."post_id" = ?[0m  [["post_id", 1]]
  Rendered posts/index.html.erb within layouts/application (3.5ms)
Completed 200 OK in 36ms (Views: 33.9ms | ActiveRecord: 0.5ms)


Started GET "/" for 127.0.0.1 at 2021-12-12 06:12:11 +0000
Processing by PostsController#index as HTML
  Rendering posts/index.html.erb within layouts/application
  [1m[36mPost Load (0.3ms)[0m  [1m[34mSELECT "posts".* FROM "posts" ORDER BY created_at DESC[0m
  [1m[35m (0.2ms)[0m  [1m[34mSELECT COUNT(*) FROM "comments" WHERE "comments"."post_id" = ?[0m  [["post_id", 1]]
  Rendered posts/index.html.erb within layouts/application (3.5ms)
Completed 200 OK in 38ms (Views: 35.8ms | ActiveRecord: 0.5ms)


Started GET "/posts/1" for 127.0.0.1 at 2021-12-12 06:15:09 +0000
Processing by PostsController#show as HTML
  Parameters: {"id"=>"1"}
  [1m[36mPost Load (1.8ms)[0m  [1m[34mSELECT  "posts".* FROM "posts" WHERE "posts"."id" = ? LIMIT ?[0m  [["id", 1], ["LIMIT", 1]]
  Rendering posts/show.html.erb within layouts/application
  [1m[35m (0.2ms)[0m  [1m[34mSELECT COUNT(*) FROM "comments" WHERE "comments"."post_id" = ?[0m  [["post_id", 1]]
  [1m[36mComment Load (0.2ms)[0m  [1m[34mSELECT "comments".* FROM "comments" WHERE "comments"."post_id" = ?[0m  [["post_id", 1]]
  Rendered collection of comments/_comment.html.erb [1 times] (1.1ms)
  Rendered comments/_form.html.erb (6.8ms)
  Rendered posts/show.html.erb within layouts/application (14.2ms)
Completed 200 OK in 50ms (Views: 44.8ms | ActiveRecord: 2.3ms)


Started POST "/posts/1/comments" for 127.0.0.1 at 2021-12-12 06:15:22 +0000
Processing by CommentsController#create as HTML
  Parameters: {"utf8"=>"✓", "authenticity_token"=>"FHUWEljzrkct45Ftls9b2pe9u6NaWUlXWjSBnXxN2ok8tN9IrKybTf1JXEc0mcHheXHahMgkIF86G/fM0JSnoA==", "comment"=>{"name"=>"hung", "comment"=>"comment 2"}, "commit"=>"Leave a reply", "post_id"=>"1"}
  [1m[36mPost Load (0.3ms)[0m  [1m[34mSELECT  "posts".* FROM "posts" WHERE "posts"."id" = ? LIMIT ?[0m  [["id", 1], ["LIMIT", 1]]
  [1m[35m (0.1ms)[0m  [1m[36mbegin transaction[0m
  [1m[35mSQL (0.6ms)[0m  [1m[32mINSERT INTO "comments" ("name", "comment", "created_at", "updated_at", "post_id") VALUES (?, ?, ?, ?, ?)[0m  [["name", "hung"], ["comment", "comment 2"], ["created_at", "2021-12-12 06:15:22.937565"], ["updated_at", "2021-12-12 06:15:22.937565"], ["post_id", 1]]
  [1m[35m (4.3ms)[0m  [1m[36mcommit transaction[0m
Redirected to https://localhost-h-ng-nguy-n-v-n-1.paiza-user-free.cloud:3000/posts/1
Completed 302 Found in 16ms (ActiveRecord: 5.3ms)


Started GET "/posts/1" for 127.0.0.1 at 2021-12-12 06:15:23 +0000
Processing by PostsController#show as HTML
  Parameters: {"id"=>"1"}
  [1m[36mPost Load (0.2ms)[0m  [1m[34mSELECT  "posts".* FROM "posts" WHERE "posts"."id" = ? LIMIT ?[0m  [["id", 1], ["LIMIT", 1]]
  Rendering posts/show.html.erb within layouts/application
  [1m[35m (0.2ms)[0m  [1m[34mSELECT COUNT(*) FROM "comments" WHERE "comments"."post_id" = ?[0m  [["post_id", 1]]
  [1m[36mComment Load (0.2ms)[0m  [1m[34mSELECT "comments".* FROM "comments" WHERE "comments"."post_id" = ?[0m  [["post_id", 1]]
  Rendered collection of comments/_comment.html.erb [2 times] (1.0ms)
  Rendered comments/_form.html.erb (5.6ms)
  Rendered posts/show.html.erb within layouts/application (11.7ms)
Completed 200 OK in 40ms (Views: 37.3ms | ActiveRecord: 0.5ms)


Started GET "/posts/1/edit" for 127.0.0.1 at 2021-12-12 06:15:30 +0000
Processing by PostsController#edit as HTML
  Parameters: {"id"=>"1"}
  [1m[36mPost Load (0.3ms)[0m  [1m[34mSELECT  "posts".* FROM "posts" WHERE "posts"."id" = ? LIMIT ?[0m  [["id", 1], ["LIMIT", 1]]
  Rendering posts/edit.html.erb within layouts/application
  Rendered posts/_form.html.erb (6.7ms)
  Rendered posts/edit.html.erb within layouts/application (8.8ms)
Completed 200 OK in 42ms (Views: 39.0ms | ActiveRecord: 0.3ms)


Started PATCH "/posts/1" for 127.0.0.1 at 2021-12-12 06:15:39 +0000
Processing by PostsController#update as HTML
  Parameters: {"utf8"=>"✓", "authenticity_token"=>"L9wkZRMqsEhNSQGidok37UvsZOcmcz8q5cE/6EYygCYBdshgy8+KeAhNAgPZZmIIGhrZEiCvhIvnX7TF2W8a1w==", "post"=>{"title"=>"first blog", "content"=>"noi dung o day"}, "commit"=>"Create new post", "id"=>"1"}
  [1m[36mPost Load (0.3ms)[0m  [1m[34mSELECT  "posts".* FROM "posts" WHERE "posts"."id" = ? LIMIT ?[0m  [["id", 1], ["LIMIT", 1]]
  [1m[35m (0.1ms)[0m  [1m[36mbegin transaction[0m
  [1m[35mSQL (0.4ms)[0m  [1m[33mUPDATE "posts" SET "content" = ?, "updated_at" = ? WHERE "posts"."id" = ?[0m  [["content", "noi dung o day"], ["updated_at", "2021-12-12 06:15:39.701223"], ["id", 1]]
  [1m[35m (6.4ms)[0m  [1m[36mcommit transaction[0m
Redirected to https://localhost-h-ng-nguy-n-v-n-1.paiza-user-free.cloud:3000/posts/1
Completed 302 Found in 15ms (ActiveRecord: 7.1ms)


Started GET "/posts/1" for 127.0.0.1 at 2021-12-12 06:15:39 +0000
Processing by PostsController#show as HTML
  Parameters: {"id"=>"1"}
  [1m[36mPost Load (0.3ms)[0m  [1m[34mSELECT  "posts".* FROM "posts" WHERE "posts"."id" = ? LIMIT ?[0m  [["id", 1], ["LIMIT", 1]]
  Rendering posts/show.html.erb within layouts/application
  [1m[35m (0.2ms)[0m  [1m[34mSELECT COUNT(*) FROM "comments" WHERE "comments"."post_id" = ?[0m  [["post_id", 1]]
  [1m[36mComment Load (0.2ms)[0m  [1m[34mSELECT "comments".* FROM "comments" WHERE "comments"."post_id" = ?[0m  [["post_id", 1]]
  Rendered collection of comments/_comment.html.erb [2 times] (0.9ms)
  Rendered comments/_form.html.erb (4.8ms)
  Rendered posts/show.html.erb within layouts/application (10.6ms)
Completed 200 OK in 33ms (Views: 30.5ms | ActiveRecord: 0.6ms)


Started GET "/posts/new" for 127.0.0.1 at 2021-12-12 06:15:46 +0000
Processing by PostsController#new as HTML
  Rendering posts/new.html.erb within layouts/application
  Rendered posts/_form.html.erb (6.1ms)
  Rendered posts/new.html.erb within layouts/application (7.5ms)
Completed 200 OK in 40ms (Views: 37.6ms | ActiveRecord: 0.0ms)


Started GET "/" for 127.0.0.1 at 2021-12-12 06:15:53 +0000
Processing by PostsController#index as HTML
  Rendering posts/index.html.erb within layouts/application
  [1m[36mPost Load (0.3ms)[0m  [1m[34mSELECT "posts".* FROM "posts" ORDER BY created_at DESC[0m
  [1m[35m (0.2ms)[0m  [1m[34mSELECT COUNT(*) FROM "comments" WHERE "comments"."post_id" = ?[0m  [["post_id", 1]]
  Rendered posts/index.html.erb within layouts/application (3.4ms)
Completed 200 OK in 54ms (Views: 52.5ms | ActiveRecord: 0.5ms)


